<?xml version="1.0" encoding="UTF-8"?>
<testsuite xmlns:xsi="http://www.w3.org/2001/XMLSchema-instance" xsi:noNamespaceSchemaLocation="https://maven.apache.org/surefire/maven-surefire-plugin/xsd/surefire-test-report-3.0.xsd" version="3.0" name="com.anil.logging.async.AsyncAnnotationPropagationTest" time="1.352" tests="1" errors="0" skipped="0" failures="0">
  <properties>
[...]
</properties>
  <testcase name="asyncMethodRetainsRequestContext" classname="com.anil.logging.async.AsyncAnnotationPropagationTest" time="0.448">
    <system-out><![CDATA[
  .   ____          _            __ _ _
 /\\ / ___'_ __ _ _(_)_ __  __ _ \ \ \ \
( ( )\___ | '_ | '_| | '_ \/ _` | \ \ \ \
 \\/  ___)| |_)| | | | | || (_| |  ) ) ) )
  '  |____| .__|_| |_|_| |_\__, | / / / /
 =========|_|==============|___/=/_/_/_/

 :: Spring Boot ::                (v3.3.5)

2026-09-06T01:19:05.039+05:30  INFO 25613 --- [           main] c.a.l.a.AsyncAnnotationPropagationTest   : Starting AsyncAnnotationPropagationTest using Java 21.0.9 with PID 25613 (started by anilkumawat in /Users/anilkumawat/Desktop/logging/starter)
2026-09-06T01:19:05.040+05:30  INFO 25613 --- [           main] c.a.l.a.AsyncAnnotationPropagationTest   : No active profile set, falling back to 1 default profile: "default"
2026-09-06T01:19:05.563+05:30  WARN 25613 --- [           main] .s.s.UserDetailsServiceAutoConfiguration : 

Using generated security password: 883b0a65-2f52-499a-af07-65163f345120

This generated password is for development use only. Your security configuration must be updated before running your application in production.

2026-09-06T01:19:05.577+05:30  INFO 25613 --- [           main] r$InitializeUserDetailsManagerConfigurer : Global AuthenticationManager configured with UserDetailsService bean with name inMemoryUserDetailsManager
2026-09-06T01:19:05.638+05:30  INFO 25613 --- [           main] c.a.l.a.AsyncAnnotationPropagationTest   : Started AsyncAnnotationPropagationTest in 0.7 seconds (process running for 1.296)
]]></system-out>
    <system-err><![CDATA[WARNING: A Java agent has been loaded dynamically (/Users/anilkumawat/.m2/repository/net/bytebuddy/byte-buddy-agent/1.14.19/byte-buddy-agent-1.14.19.jar)
WARNING: If a serviceability tool is in use, please run with -XX:+EnableDynamicAgentLoading to hide this warning
WARNING: If a serviceability tool is not in use, please run with -Djdk.instrument.traceUsage for more information
WARNING: Dynamic loading of agents will be disallowed by default in a future release
]]></system-err>
  </testcase>
</testsuite>